<?xml version="1.0" encoding="UTF-8"?>
<!-- Generated by org.testng.reporters.JUnitReportReporter -->
<testsuite skipped="0" hostname="PDCLT0129VXLQ2" name="com.rest.utilities.TestUtilities" tests="1" failures="0" timestamp="31 Dec 2019 07:49:57 GMT" time="3.859" errors="0">
  <testcase name="generateCode" time="3.859" classname="com.rest.utilities.TestUtilities"/>
</testsuite> <!-- com.rest.utilities.TestUtilities -->
